<?xml version="1.0" encoding="UTF-8"?>
<testsuite xmlns:xsi="http://www.w3.org/2001/XMLSchema-instance" xsi:noNamespaceSchemaLocation="https://maven.apache.org/surefire/maven-surefire-plugin/xsd/surefire-test-report.xsd" name="com.wordcounttopology.AppTest" time="0.017" tests="1" errors="0" skipped="0" failures="0">
  <properties>
    <property name="java.specification.version" value="17"/>
    <property name="sun.jnu.encoding" value="UTF-8"/>
    <property name="java.class.path" value="/home/octopus/Documents/dev/Testing/BigData/apache-storm-project/wordcounttopology/target/test-classes:/home/octopus/Documents/dev/Testing/BigData/apache-storm-project/wordcounttopology/target/classes:/home/octopus/.m2/repository/junit/junit/4.11/junit-4.11.jar:/home/octopus/.m2/repository/org/hamcrest/hamcrest-core/1.3/hamcrest-core-1.3.jar:/home/octopus/.m2/repository/org/apache/commons/commons-email/1.5/commons-email-1.5.jar:/home/octopus/.m2/repository/com/sun/mail/javax.mail/1.5.6/javax.mail-1.5.6.jar:/home/octopus/.m2/repository/javax/activation/activation/1.1/activation-1.1.jar:/home/octopus/.m2/repository/org/pcap4j/pcap4j-core/1.8.2/pcap4j-core-1.8.2.jar:/home/octopus/.m2/repository/net/java/dev/jna/jna/5.3.1/jna-5.3.1.jar:/home/octopus/.m2/repository/org/slf4j/slf4j-api/1.7.26/slf4j-api-1.7.26.jar:/home/octopus/.m2/repository/org/keedio/storm/bolt/tcp/storm-tcp-bolt/1.0.2/storm-tcp-bolt-1.0.2.jar:/home/octopus/.m2/repository/io/dropwizard/metrics/metrics-core/3.1.1/metrics-core-3.1.1.jar:/home/octopus/.m2/repository/org/keedio/storm/bolt/filter/storm-filterregex-bolt/1.0.2/storm-filterregex-bolt-1.0.2.jar:/home/octopus/.m2/repository/com/googlecode/json-simple/json-simple/1.1/json-simple-1.1.jar:/home/octopus/.m2/repository/org/apache/storm/storm-core/2.4.0/storm-core-2.4.0.jar:/home/octopus/.m2/repository/org/apache/storm/storm-clojure/2.4.0/storm-clojure-2.4.0.jar:/home/octopus/.m2/repository/org/clojure/tools.logging/0.2.3/tools.logging-0.2.3.jar:/home/octopus/.m2/repository/org/clojure/clojure/1.3.0-beta1/clojure-1.3.0-beta1.jar:/home/octopus/.m2/repository/com/twitter/carbonite/1.5.0/carbonite-1.5.0.jar:/home/octopus/.m2/repository/com/esotericsoftware/kryo/3.0.3/kryo-3.0.3.jar:/home/octopus/.m2/repository/com/esotericsoftware/reflectasm/1.10.1/reflectasm-1.10.1.jar:/home/octopus/.m2/repository/org/ow2/asm/asm/5.0.3/asm-5.0.3.jar:/home/octopus/.m2/repository/com/esotericsoftware/minlog/1.3.0/minlog-1.3.0.jar:/home/octopus/.m2/repository/org/objenesis/objenesis/2.1/objenesis-2.1.jar:/home/octopus/.m2/repository/com/twitter/chill-java/0.8.0/chill-java-0.8.0.jar:/home/octopus/.m2/repository/com/esotericsoftware/kryo-shaded/3.0.3/kryo-shaded-3.0.3.jar:/home/octopus/.m2/repository/org/apache/storm/storm-server/2.4.0/storm-server-2.4.0.jar:/home/octopus/.m2/repository/org/apache/storm/storm-client/2.4.0/storm-client-2.4.0.jar:/home/octopus/.m2/repository/org/apache/storm/storm-shaded-deps/2.4.0/storm-shaded-deps-2.4.0.jar:/home/octopus/.m2/repository/com/sun/activation/jakarta.activation/1.2.1/jakarta.activation-1.2.1.jar:/home/octopus/.m2/repository/jakarta/activation/jakarta.activation-api/1.2.1/jakarta.activation-api-1.2.1.jar:/home/octopus/.m2/repository/jakarta/xml/bind/jakarta.xml.bind-api/2.3.2/jakarta.xml.bind-api-2.3.2.jar:/home/octopus/.m2/repository/javax/annotation/javax.annotation-api/1.3.2/javax.annotation-api-1.3.2.jar:/home/octopus/.m2/repository/io/dropwizard/metrics/metrics-graphite/3.2.6/metrics-graphite-3.2.6.jar:/home/octopus/.m2/repository/io/dropwizard/metrics/metrics-jvm/3.2.6/metrics-jvm-3.2.6.jar:/home/octopus/.m2/repository/org/apache/commons/commons-exec/1.3/commons-exec-1.3.jar:/home/octopus/.m2/repository/org/apache/commons/commons-compress/1.18/commons-compress-1.18.jar:/home/octopus/.m2/repository/org/rocksdb/rocksdbjni/5.18.4/rocksdbjni-5.18.4.jar:/home/octopus/.m2/repository/jline/jline/0.9.94/jline-0.9.94.jar:/home/octopus/.m2/repository/javax/servlet/javax.servlet-api/3.1.0/javax.servlet-api-3.1.0.jar:/home/octopus/.m2/repository/commons-collections/commons-collections/3.2.2/commons-collections-3.2.2.jar:/home/octopus/.m2/repository/org/yaml/snakeyaml/1.26/snakeyaml-1.26.jar:/home/octopus/.m2/repository/org/apache/httpcomponents/httpclient/4.5.6/httpclient-4.5.6.jar:/home/octopus/.m2/repository/org/apache/httpcomponents/httpcore/4.4.10/httpcore-4.4.10.jar:/home/octopus/.m2/repository/commons-logging/commons-logging/1.2/commons-logging-1.2.jar:/home/octopus/.m2/repository/com/fasterxml/jackson/core/jackson-databind/2.10.0/jackson-databind-2.10.0.jar:/home/octopus/.m2/repository/com/fasterxml/jackson/core/jackson-annotations/2.10.0/jackson-annotations-2.10.0.jar:/home/octopus/.m2/repository/commons-cli/commons-cli/1.4/commons-cli-1.4.jar:/home/octopus/.m2/repository/commons-io/commons-io/2.6/commons-io-2.6.jar:/home/octopus/.m2/repository/commons-lang/commons-lang/2.6/commons-lang-2.6.jar:/home/octopus/.m2/repository/com/google/guava/guava/27.0.1-jre/guava-27.0.1-jre.jar:/home/octopus/.m2/repository/com/google/guava/failureaccess/1.0.1/failureaccess-1.0.1.jar:/home/octopus/.m2/repository/com/google/guava/listenablefuture/9999.0-empty-to-avoid-conflict-with-guava/listenablefuture-9999.0-empty-to-avoid-conflict-with-guava.jar:/home/octopus/.m2/repository/com/google/code/findbugs/jsr305/3.0.2/jsr305-3.0.2.jar:/home/octopus/.m2/repository/org/checkerframework/checker-qual/2.5.2/checker-qual-2.5.2.jar:/home/octopus/.m2/repository/com/google/errorprone/error_prone_annotations/2.2.0/error_prone_annotations-2.2.0.jar:/home/octopus/.m2/repository/com/google/j2objc/j2objc-annotations/1.1/j2objc-annotations-1.1.jar:/home/octopus/.m2/repository/org/codehaus/mojo/animal-sniffer-annotations/1.17/animal-sniffer-annotations-1.17.jar:/home/octopus/.m2/repository/org/apache/logging/log4j/log4j-api/2.17.1/log4j-api-2.17.1.jar:/home/octopus/.m2/repository/org/apache/logging/log4j/log4j-core/2.17.1/log4j-core-2.17.1.jar:/home/octopus/.m2/repository/org/apache/logging/log4j/log4j-slf4j-impl/2.17.1/log4j-slf4j-impl-2.17.1.jar:/home/octopus/.m2/repository/org/slf4j/log4j-over-slf4j/1.7.36/log4j-over-slf4j-1.7.36.jar:/home/octopus/.m2/repository/joda-time/joda-time/2.3/joda-time-2.3.jar:/home/octopus/.m2/repository/org/eclipse/jetty/jetty-server/9.4.14.v20181114/jetty-server-9.4.14.v20181114.jar:/home/octopus/.m2/repository/org/eclipse/jetty/jetty-http/9.4.14.v20181114/jetty-http-9.4.14.v20181114.jar:/home/octopus/.m2/repository/org/eclipse/jetty/jetty-io/9.4.14.v20181114/jetty-io-9.4.14.v20181114.jar:/home/octopus/.m2/repository/org/eclipse/jetty/jetty-util/9.4.14.v20181114/jetty-util-9.4.14.v20181114.jar:/home/octopus/.m2/repository/org/eclipse/jetty/jetty-servlet/9.4.14.v20181114/jetty-servlet-9.4.14.v20181114.jar:/home/octopus/.m2/repository/org/eclipse/jetty/jetty-security/9.4.14.v20181114/jetty-security-9.4.14.v20181114.jar:/home/octopus/.m2/repository/org/eclipse/jetty/jetty-servlets/9.4.14.v20181114/jetty-servlets-9.4.14.v20181114.jar:/home/octopus/.m2/repository/org/eclipse/jetty/jetty-continuation/9.4.14.v20181114/jetty-continuation-9.4.14.v20181114.jar:/home/octopus/.m2/repository/com/fasterxml/jackson/core/jackson-core/2.10.0/jackson-core-2.10.0.jar:/home/octopus/.m2/repository/com/fasterxml/jackson/dataformat/jackson-dataformat-smile/2.10.0/jackson-dataformat-smile-2.10.0.jar:/home/octopus/.m2/repository/commons-fileupload/commons-fileupload/1.3.3/commons-fileupload-1.3.3.jar:/home/octopus/.m2/repository/commons-codec/commons-codec/1.11/commons-codec-1.11.jar:/home/octopus/.m2/repository/org/apache/hadoop/hadoop-auth/2.8.5/hadoop-auth-2.8.5.jar:/home/octopus/.m2/repository/com/nimbusds/nimbus-jose-jwt/4.41.1/nimbus-jose-jwt-4.41.1.jar:/home/octopus/.m2/repository/com/github/stephenc/jcip/jcip-annotations/1.0-1/jcip-annotations-1.0-1.jar:/home/octopus/.m2/repository/net/minidev/json-smart/2.3/json-smart-2.3.jar:/home/octopus/.m2/repository/net/minidev/accessors-smart/1.2/accessors-smart-1.2.jar:/home/octopus/.m2/repository/org/apache/zookeeper/zookeeper/3.4.6/zookeeper-3.4.6.jar:/home/octopus/.m2/repository/io/netty/netty/3.7.0.Final/netty-3.7.0.Final.jar:/home/octopus/.m2/repository/org/apache/curator/curator-framework/2.7.1/curator-framework-2.7.1.jar:/home/octopus/.m2/repository/org/apache/curator/curator-client/2.7.1/curator-client-2.7.1.jar:"/>
    <property name="java.vm.vendor" value="Debian"/>
    <property name="sun.arch.data.model" value="64"/>
    <property name="java.vendor.url" value="https://tracker.debian.org/openjdk-17"/>
    <property name="os.name" value="Linux"/>
    <property name="java.vm.specification.version" value="17"/>
    <property name="sun.java.launcher" value="SUN_STANDARD"/>
    <property name="user.country" value="US"/>
    <property name="sun.boot.library.path" value="/usr/lib/jvm/java-17-openjdk-amd64/lib"/>
    <property name="sun.java.command" value="/home/octopus/Documents/dev/Testing/BigData/apache-storm-project/wordcounttopology/target/surefire/surefirebooter10401223822620531585.jar /home/octopus/Documents/dev/Testing/BigData/apache-storm-project/wordcounttopology/target/surefire 2023-04-27T20-41-18_107-jvmRun1 surefire16924267090058024402tmp surefire_02493387450601001554tmp"/>
    <property name="jdk.debug" value="release"/>
    <property name="surefire.test.class.path" value="/home/octopus/Documents/dev/Testing/BigData/apache-storm-project/wordcounttopology/target/test-classes:/home/octopus/Documents/dev/Testing/BigData/apache-storm-project/wordcounttopology/target/classes:/home/octopus/.m2/repository/junit/junit/4.11/junit-4.11.jar:/home/octopus/.m2/repository/org/hamcrest/hamcrest-core/1.3/hamcrest-core-1.3.jar:/home/octopus/.m2/repository/org/apache/commons/commons-email/1.5/commons-email-1.5.jar:/home/octopus/.m2/repository/com/sun/mail/javax.mail/1.5.6/javax.mail-1.5.6.jar:/home/octopus/.m2/repository/javax/activation/activation/1.1/activation-1.1.jar:/home/octopus/.m2/repository/org/pcap4j/pcap4j-core/1.8.2/pcap4j-core-1.8.2.jar:/home/octopus/.m2/repository/net/java/dev/jna/jna/5.3.1/jna-5.3.1.jar:/home/octopus/.m2/repository/org/slf4j/slf4j-api/1.7.26/slf4j-api-1.7.26.jar:/home/octopus/.m2/repository/org/keedio/storm/bolt/tcp/storm-tcp-bolt/1.0.2/storm-tcp-bolt-1.0.2.jar:/home/octopus/.m2/repository/io/dropwizard/metrics/metrics-core/3.1.1/metrics-core-3.1.1.jar:/home/octopus/.m2/repository/org/keedio/storm/bolt/filter/storm-filterregex-bolt/1.0.2/storm-filterregex-bolt-1.0.2.jar:/home/octopus/.m2/repository/com/googlecode/json-simple/json-simple/1.1/json-simple-1.1.jar:/home/octopus/.m2/repository/org/apache/storm/storm-core/2.4.0/storm-core-2.4.0.jar:/home/octopus/.m2/repository/org/apache/storm/storm-clojure/2.4.0/storm-clojure-2.4.0.jar:/home/octopus/.m2/repository/org/clojure/tools.logging/0.2.3/tools.logging-0.2.3.jar:/home/octopus/.m2/repository/org/clojure/clojure/1.3.0-beta1/clojure-1.3.0-beta1.jar:/home/octopus/.m2/repository/com/twitter/carbonite/1.5.0/carbonite-1.5.0.jar:/home/octopus/.m2/repository/com/esotericsoftware/kryo/3.0.3/kryo-3.0.3.jar:/home/octopus/.m2/repository/com/esotericsoftware/reflectasm/1.10.1/reflectasm-1.10.1.jar:/home/octopus/.m2/repository/org/ow2/asm/asm/5.0.3/asm-5.0.3.jar:/home/octopus/.m2/repository/com/esotericsoftware/minlog/1.3.0/minlog-1.3.0.jar:/home/octopus/.m2/repository/org/objenesis/objenesis/2.1/objenesis-2.1.jar:/home/octopus/.m2/repository/com/twitter/chill-java/0.8.0/chill-java-0.8.0.jar:/home/octopus/.m2/repository/com/esotericsoftware/kryo-shaded/3.0.3/kryo-shaded-3.0.3.jar:/home/octopus/.m2/repository/org/apache/storm/storm-server/2.4.0/storm-server-2.4.0.jar:/home/octopus/.m2/repository/org/apache/storm/storm-client/2.4.0/storm-client-2.4.0.jar:/home/octopus/.m2/repository/org/apache/storm/storm-shaded-deps/2.4.0/storm-shaded-deps-2.4.0.jar:/home/octopus/.m2/repository/com/sun/activation/jakarta.activation/1.2.1/jakarta.activation-1.2.1.jar:/home/octopus/.m2/repository/jakarta/activation/jakarta.activation-api/1.2.1/jakarta.activation-api-1.2.1.jar:/home/octopus/.m2/repository/jakarta/xml/bind/jakarta.xml.bind-api/2.3.2/jakarta.xml.bind-api-2.3.2.jar:/home/octopus/.m2/repository/javax/annotation/javax.annotation-api/1.3.2/javax.annotation-api-1.3.2.jar:/home/octopus/.m2/repository/io/dropwizard/metrics/metrics-graphite/3.2.6/metrics-graphite-3.2.6.jar:/home/octopus/.m2/repository/io/dropwizard/metrics/metrics-jvm/3.2.6/metrics-jvm-3.2.6.jar:/home/octopus/.m2/repository/org/apache/commons/commons-exec/1.3/commons-exec-1.3.jar:/home/octopus/.m2/repository/org/apache/commons/commons-compress/1.18/commons-compress-1.18.jar:/home/octopus/.m2/repository/org/rocksdb/rocksdbjni/5.18.4/rocksdbjni-5.18.4.jar:/home/octopus/.m2/repository/jline/jline/0.9.94/jline-0.9.94.jar:/home/octopus/.m2/repository/javax/servlet/javax.servlet-api/3.1.0/javax.servlet-api-3.1.0.jar:/home/octopus/.m2/repository/commons-collections/commons-collections/3.2.2/commons-collections-3.2.2.jar:/home/octopus/.m2/repository/org/yaml/snakeyaml/1.26/snakeyaml-1.26.jar:/home/octopus/.m2/repository/org/apache/httpcomponents/httpclient/4.5.6/httpclient-4.5.6.jar:/home/octopus/.m2/repository/org/apache/httpcomponents/httpcore/4.4.10/httpcore-4.4.10.jar:/home/octopus/.m2/repository/commons-logging/commons-logging/1.2/commons-logging-1.2.jar:/home/octopus/.m2/repository/com/fasterxml/jackson/core/jackson-databind/2.10.0/jackson-databind-2.10.0.jar:/home/octopus/.m2/repository/com/fasterxml/jackson/core/jackson-annotations/2.10.0/jackson-annotations-2.10.0.jar:/home/octopus/.m2/repository/commons-cli/commons-cli/1.4/commons-cli-1.4.jar:/home/octopus/.m2/repository/commons-io/commons-io/2.6/commons-io-2.6.jar:/home/octopus/.m2/repository/commons-lang/commons-lang/2.6/commons-lang-2.6.jar:/home/octopus/.m2/repository/com/google/guava/guava/27.0.1-jre/guava-27.0.1-jre.jar:/home/octopus/.m2/repository/com/google/guava/failureaccess/1.0.1/failureaccess-1.0.1.jar:/home/octopus/.m2/repository/com/google/guava/listenablefuture/9999.0-empty-to-avoid-conflict-with-guava/listenablefuture-9999.0-empty-to-avoid-conflict-with-guava.jar:/home/octopus/.m2/repository/com/google/code/findbugs/jsr305/3.0.2/jsr305-3.0.2.jar:/home/octopus/.m2/repository/org/checkerframework/checker-qual/2.5.2/checker-qual-2.5.2.jar:/home/octopus/.m2/repository/com/google/errorprone/error_prone_annotations/2.2.0/error_prone_annotations-2.2.0.jar:/home/octopus/.m2/repository/com/google/j2objc/j2objc-annotations/1.1/j2objc-annotations-1.1.jar:/home/octopus/.m2/repository/org/codehaus/mojo/animal-sniffer-annotations/1.17/animal-sniffer-annotations-1.17.jar:/home/octopus/.m2/repository/org/apache/logging/log4j/log4j-api/2.17.1/log4j-api-2.17.1.jar:/home/octopus/.m2/repository/org/apache/logging/log4j/log4j-core/2.17.1/log4j-core-2.17.1.jar:/home/octopus/.m2/repository/org/apache/logging/log4j/log4j-slf4j-impl/2.17.1/log4j-slf4j-impl-2.17.1.jar:/home/octopus/.m2/repository/org/slf4j/log4j-over-slf4j/1.7.36/log4j-over-slf4j-1.7.36.jar:/home/octopus/.m2/repository/joda-time/joda-time/2.3/joda-time-2.3.jar:/home/octopus/.m2/repository/org/eclipse/jetty/jetty-server/9.4.14.v20181114/jetty-server-9.4.14.v20181114.jar:/home/octopus/.m2/repository/org/eclipse/jetty/jetty-http/9.4.14.v20181114/jetty-http-9.4.14.v20181114.jar:/home/octopus/.m2/repository/org/eclipse/jetty/jetty-io/9.4.14.v20181114/jetty-io-9.4.14.v20181114.jar:/home/octopus/.m2/repository/org/eclipse/jetty/jetty-util/9.4.14.v20181114/jetty-util-9.4.14.v20181114.jar:/home/octopus/.m2/repository/org/eclipse/jetty/jetty-servlet/9.4.14.v20181114/jetty-servlet-9.4.14.v20181114.jar:/home/octopus/.m2/repository/org/eclipse/jetty/jetty-security/9.4.14.v20181114/jetty-security-9.4.14.v20181114.jar:/home/octopus/.m2/repository/org/eclipse/jetty/jetty-servlets/9.4.14.v20181114/jetty-servlets-9.4.14.v20181114.jar:/home/octopus/.m2/repository/org/eclipse/jetty/jetty-continuation/9.4.14.v20181114/jetty-continuation-9.4.14.v20181114.jar:/home/octopus/.m2/repository/com/fasterxml/jackson/core/jackson-core/2.10.0/jackson-core-2.10.0.jar:/home/octopus/.m2/repository/com/fasterxml/jackson/dataformat/jackson-dataformat-smile/2.10.0/jackson-dataformat-smile-2.10.0.jar:/home/octopus/.m2/repository/commons-fileupload/commons-fileupload/1.3.3/commons-fileupload-1.3.3.jar:/home/octopus/.m2/repository/commons-codec/commons-codec/1.11/commons-codec-1.11.jar:/home/octopus/.m2/repository/org/apache/hadoop/hadoop-auth/2.8.5/hadoop-auth-2.8.5.jar:/home/octopus/.m2/repository/com/nimbusds/nimbus-jose-jwt/4.41.1/nimbus-jose-jwt-4.41.1.jar:/home/octopus/.m2/repository/com/github/stephenc/jcip/jcip-annotations/1.0-1/jcip-annotations-1.0-1.jar:/home/octopus/.m2/repository/net/minidev/json-smart/2.3/json-smart-2.3.jar:/home/octopus/.m2/repository/net/minidev/accessors-smart/1.2/accessors-smart-1.2.jar:/home/octopus/.m2/repository/org/apache/zookeeper/zookeeper/3.4.6/zookeeper-3.4.6.jar:/home/octopus/.m2/repository/io/netty/netty/3.7.0.Final/netty-3.7.0.Final.jar:/home/octopus/.m2/repository/org/apache/curator/curator-framework/2.7.1/curator-framework-2.7.1.jar:/home/octopus/.m2/repository/org/apache/curator/curator-client/2.7.1/curator-client-2.7.1.jar:"/>
    <property name="sun.cpu.endian" value="little"/>
    <property name="user.home" value="/home/octopus"/>
    <property name="user.language" value="en"/>
    <property name="java.specification.vendor" value="Oracle Corporation"/>
    <property name="java.version.date" value="2023-01-17"/>
    <property name="java.home" value="/usr/lib/jvm/java-17-openjdk-amd64"/>
    <property name="file.separator" value="/"/>
    <property name="basedir" value="/home/octopus/Documents/dev/Testing/BigData/apache-storm-project/wordcounttopology"/>
    <property name="java.vm.compressedOopsMode" value="Zero based"/>
    <property name="line.separator" value="&#10;"/>
    <property name="java.vm.specification.vendor" value="Oracle Corporation"/>
    <property name="java.specification.name" value="Java Platform API Specification"/>
    <property name="surefire.real.class.path" value="/home/octopus/Documents/dev/Testing/BigData/apache-storm-project/wordcounttopology/target/surefire/surefirebooter10401223822620531585.jar"/>
    <property name="sun.management.compiler" value="HotSpot 64-Bit Tiered Compilers"/>
    <property name="java.runtime.version" value="17.0.6+10-Debian-1deb11u1"/>
    <property name="user.name" value="octopus"/>
    <property name="path.separator" value=":"/>
    <property name="os.version" value="6.1.0-1parrot1-amd64"/>
    <property name="java.runtime.name" value="OpenJDK Runtime Environment"/>
    <property name="file.encoding" value="UTF-8"/>
    <property name="java.vm.name" value="OpenJDK 64-Bit Server VM"/>
    <property name="localRepository" value="/home/octopus/.m2/repository"/>
    <property name="java.vendor.url.bug" value="https://bugs.debian.org/openjdk-17"/>
    <property name="java.io.tmpdir" value="/tmp"/>
    <property name="java.version" value="17.0.6"/>
    <property name="user.dir" value="/home/octopus/Documents/dev/Testing/BigData/apache-storm-project/wordcounttopology"/>
    <property name="os.arch" value="amd64"/>
    <property name="java.vm.specification.name" value="Java Virtual Machine Specification"/>
    <property name="native.encoding" value="UTF-8"/>
    <property name="java.library.path" value="/usr/java/packages/lib:/usr/lib/x86_64-linux-gnu/jni:/lib/x86_64-linux-gnu:/usr/lib/x86_64-linux-gnu:/usr/lib/jni:/lib:/usr/lib"/>
    <property name="java.vm.info" value="mixed mode, sharing"/>
    <property name="java.vendor" value="Debian"/>
    <property name="java.vm.version" value="17.0.6+10-Debian-1deb11u1"/>
    <property name="sun.io.unicode.encoding" value="UnicodeLittle"/>
    <property name="java.class.version" value="61.0"/>
  </properties>
  <testcase name="shouldAnswerWithTrue" classname="com.wordcounttopology.AppTest" time="0.001"/>
</testsuite>